<?xml version="1.0" encoding="UTF-8"?>
<!-- Generated by org.testng.reporters.JUnitXMLReporter -->
<testsuite hostname="hajjars-MacBook-Air.local" failures="1" tests="2" name="Test SignUp page" time="0.977" errors="0" timestamp="11 Apr 2019 10:21:27 GMT">
  <testcase classname="android.Pages.SignInTest" name="test_01" time="0.016"/>
  <testcase classname="android.Pages.SignInTest" name="test_02" time="0.001">
    <failure type="java.lang.AssertionError" message="test fail  expected [true] but found [false]">
      <![CDATA[java.lang.AssertionError: test fail  expected [true] but found [false]
	at android.Pages.SignInTest.test_02(SignInTest.java:37)
	at java.base/java.util.concurrent.FutureTask.run(FutureTask.java:264)
	at java.base/java.util.concurrent.ThreadPoolExecutor.runWorker(ThreadPoolExecutor.java:1128)
	at java.base/java.util.concurrent.ThreadPoolExecutor$Worker.run(ThreadPoolExecutor.java:628)
	at java.base/java.lang.Thread.run(Thread.java:834)
... Removed 19 stack frames]]>
    </failure>
  </testcase> <!-- test_02 -->
</testsuite> <!-- Test SignUp page -->
